C:\USERS\LAVERDIEREJ\DOCUMENTS\GITHUB\TOOTHPASTE\TOOTHPASTE\TOOTHPASTE\DEBUG\TOOTHPASTE.PCH
C:\USERS\LAVERDIEREJ\DOCUMENTS\GITHUB\TOOTHPASTE\TOOTHPASTE\TOOTHPASTE\DEBUG\STDAFX.OBJ
C:\USERS\LAVERDIEREJ\DOCUMENTS\GITHUB\TOOTHPASTE\TOOTHPASTE\TOOTHPASTE\DEBUG\VC110.PDB
C:\USERS\LAVERDIEREJ\DOCUMENTS\GITHUB\TOOTHPASTE\TOOTHPASTE\TOOTHPASTE\DEBUG\TOOTHPASTE.OBJ
C:\USERS\LAVERDIEREJ\DOCUMENTS\GITHUB\TOOTHPASTE\TOOTHPASTE\DEBUG\TOOTHPASTE.ILK
C:\USERS\LAVERDIEREJ\DOCUMENTS\GITHUB\TOOTHPASTE\TOOTHPASTE\DEBUG\TOOTHPASTE.EXE
C:\USERS\LAVERDIEREJ\DOCUMENTS\GITHUB\TOOTHPASTE\TOOTHPASTE\DEBUG\TOOTHPASTE.PDB
C:\Users\laverdierej\Documents\GitHub\ToothPaste\ToothPaste\ToothPaste\Debug\stdafx.obj
C:\Users\laverdierej\Documents\GitHub\ToothPaste\ToothPaste\ToothPaste\Debug\ToothPaste.obj
C:\Users\laverdierej\Documents\GitHub\ToothPaste\ToothPaste\ToothPaste\Debug\cl.command.1.tlog
C:\Users\laverdierej\Documents\GitHub\ToothPaste\ToothPaste\ToothPaste\Debug\CL.read.1.tlog
C:\Users\laverdierej\Documents\GitHub\ToothPaste\ToothPaste\ToothPaste\Debug\CL.write.1.tlog
C:\Users\laverdierej\Documents\GitHub\ToothPaste\ToothPaste\ToothPaste\Debug\link-cvtres.read.1.tlog
C:\Users\laverdierej\Documents\GitHub\ToothPaste\ToothPaste\ToothPaste\Debug\link-cvtres.write.1.tlog
C:\Users\laverdierej\Documents\GitHub\ToothPaste\ToothPaste\ToothPaste\Debug\link-rc.read.1.tlog
C:\Users\laverdierej\Documents\GitHub\ToothPaste\ToothPaste\ToothPaste\Debug\link-rc.write.1.tlog
C:\Users\laverdierej\Documents\GitHub\ToothPaste\ToothPaste\ToothPaste\Debug\link.command.1.tlog
C:\Users\laverdierej\Documents\GitHub\ToothPaste\ToothPaste\ToothPaste\Debug\link.read.1.tlog
C:\Users\laverdierej\Documents\GitHub\ToothPaste\ToothPaste\ToothPaste\Debug\link.write.1.tlog
C:\Users\laverdierej\Documents\GitHub\ToothPaste\ToothPaste\ToothPaste\Debug\ToothPaste.pch
C:\Users\laverdierej\Documents\GitHub\ToothPaste\ToothPaste\ToothPaste\Debug\vc110.idb
C:\Users\laverdierej\Documents\GitHub\ToothPaste\ToothPaste\ToothPaste\Debug\vc110.pdb
C:\Users\laverdierej\Documents\GitHub\ToothPaste\ToothPaste\Debug\ToothPaste.pdb
C:\Users\laverdierej\Documents\GitHub\ToothPaste\ToothPaste\Debug\ToothPaste.exe
C:\Users\laverdierej\Documents\GitHub\ToothPaste\ToothPaste\Debug\ToothPaste.ilk
