C:\USERS\MACKL_000\DOCUMENTS\VISUAL STUDIO 2012\PROJECTS\TOOTHPASTE\TOOTHPASTE\DEBUG\TOOTHPASTE.PCH
C:\USERS\MACKL_000\DOCUMENTS\VISUAL STUDIO 2012\PROJECTS\TOOTHPASTE\TOOTHPASTE\DEBUG\STDAFX.OBJ
C:\USERS\MACKL_000\DOCUMENTS\VISUAL STUDIO 2012\PROJECTS\TOOTHPASTE\TOOTHPASTE\DEBUG\VC110.PDB
C:\USERS\MACKL_000\DOCUMENTS\VISUAL STUDIO 2012\PROJECTS\TOOTHPASTE\TOOTHPASTE\DEBUG\TOOTHPASTE.OBJ
C:\USERS\MACKL_000\DOCUMENTS\VISUAL STUDIO 2012\PROJECTS\TOOTHPASTE\DEBUG\TOOTHPASTE.ILK
C:\USERS\MACKL_000\DOCUMENTS\VISUAL STUDIO 2012\PROJECTS\TOOTHPASTE\DEBUG\TOOTHPASTE.EXE
C:\USERS\MACKL_000\DOCUMENTS\VISUAL STUDIO 2012\PROJECTS\TOOTHPASTE\DEBUG\TOOTHPASTE.PDB
C:\Users\mackl_000\Documents\Visual Studio 2012\Projects\ToothPaste\ToothPaste\Debug\stdafx.obj
C:\Users\mackl_000\Documents\Visual Studio 2012\Projects\ToothPaste\ToothPaste\Debug\ToothPaste.obj
C:\Users\mackl_000\Documents\Visual Studio 2012\Projects\ToothPaste\ToothPaste\Debug\cl.command.1.tlog
C:\Users\mackl_000\Documents\Visual Studio 2012\Projects\ToothPaste\ToothPaste\Debug\CL.read.1.tlog
C:\Users\mackl_000\Documents\Visual Studio 2012\Projects\ToothPaste\ToothPaste\Debug\CL.write.1.tlog
C:\Users\mackl_000\Documents\Visual Studio 2012\Projects\ToothPaste\ToothPaste\Debug\link-cvtres.read.1.tlog
C:\Users\mackl_000\Documents\Visual Studio 2012\Projects\ToothPaste\ToothPaste\Debug\link-cvtres.write.1.tlog
C:\Users\mackl_000\Documents\Visual Studio 2012\Projects\ToothPaste\ToothPaste\Debug\link-rc.read.1.tlog
C:\Users\mackl_000\Documents\Visual Studio 2012\Projects\ToothPaste\ToothPaste\Debug\link-rc.write.1.tlog
C:\Users\mackl_000\Documents\Visual Studio 2012\Projects\ToothPaste\ToothPaste\Debug\link.command.1.tlog
C:\Users\mackl_000\Documents\Visual Studio 2012\Projects\ToothPaste\ToothPaste\Debug\link.read.1.tlog
C:\Users\mackl_000\Documents\Visual Studio 2012\Projects\ToothPaste\ToothPaste\Debug\link.write.1.tlog
C:\Users\mackl_000\Documents\Visual Studio 2012\Projects\ToothPaste\ToothPaste\Debug\ToothPaste.pch
C:\Users\mackl_000\Documents\Visual Studio 2012\Projects\ToothPaste\ToothPaste\Debug\vc110.idb
C:\Users\mackl_000\Documents\Visual Studio 2012\Projects\ToothPaste\ToothPaste\Debug\vc110.pdb
C:\Users\mackl_000\Documents\Visual Studio 2012\Projects\ToothPaste\Debug\ToothPaste.pdb
C:\Users\mackl_000\Documents\Visual Studio 2012\Projects\ToothPaste\Debug\ToothPaste.exe
C:\Users\mackl_000\Documents\Visual Studio 2012\Projects\ToothPaste\Debug\ToothPaste.ilk
